33007 99402 351
75786 16679 340
91480 21939 351
91760 66111 351
21445 62504 340
17229 9518 276
3164 18198 279
48347 39920 314
71114 29994 340
84719 36404 351
81857 24283 351
50665 33362 324
45916 34229 324
28027 72981 340
42425 23890 324
11190 65412 340
45563 91064 351
47075 59960 340
69629 62182 330
87237 54167 351
34448 87286 351
9843 37681 324
29967 30187 272
44787 70103 340
24945 59052 340
61186 79531 351
89782 91501 333
79964 36470 351
52878 14315 340
71921 17622 340
52158 16616 324
30956 72112 340
16705 46444 324
42636 34878 324
21847 10944 279
51194 81092 351
56553 39224 340
1329 18080 279
27103 9758 308
31737 13603 308
27993 3005 308
86290 66167 351
19740 98433 351
3155 66576 340
77889 38752 351
15703 15221 253
79050 60094 351
7037 56928 340
46877 56976 340
41498 18167 324
32388 84410 351
59465 88815 351
15104 52332 324
4674 19157 279
24846 55755 340
38553 75630 340
25021 35706 324
20473 82311 351
41566 86019 351
31197 28834 272
24325 14786 282
24181 39167 324
10380 56352 340
77343 84343 351
64913 5221 340
51630 4122 324
15271 76873 340
86536 20697 351
89240 22087 351
93263 10646 351
74288 59399 335
57567 91116 351
92548 94797 315
35937 45868 324
80365 4999 351
74586 58340 335
66539 82802 351
72320 91252 351
85883 49309 351
96658 23660 351
45763 14032 324
86298 43170 351
49144 88624 351
3387 85576 351
45791 15465 324
92328 13739 351
17703 40593 324
19454 75606 340
7256 52691 340
91833 36859 351
87614 79894 333
66382 29953 340
45307 93034 351
8120 87607 351
24574 15681 282
71110 75396 325
88921 13547 351
13708 50768 324
45237 62437 340
53931 69641 335
